<?xml version="1.0" encoding="UTF-8"?>
<testng-results ignored="0" total="2" passed="2" failed="0" skipped="0">
  <reporter-output>
  </reporter-output>
  <suite started-at="2024-07-02T10:39:05 EET" name="Default suite" finished-at="2024-07-02T10:39:25 EET" duration-ms="20616">
    <groups>
    </groups>
    <test started-at="2024-07-02T10:39:05 EET" name="Default test" finished-at="2024-07-02T10:39:25 EET" duration-ms="20616">
      <class name="nafithTask.AmazonAutomationTest">
        <test-method is-config="true" signature="setUp()[pri:0, instance:nafithTask.AmazonAutomationTest@5e0e82ae]" started-at="2024-07-02T10:39:05 EET" name="setUp" finished-at="2024-07-02T10:39:11 EET" duration-ms="6110" status="PASS">
          <reporter-output>
          </reporter-output>
        </test-method> <!-- setUp -->
        <test-method signature="amazonLoginTest()[pri:0, instance:nafithTask.AmazonAutomationTest@5e0e82ae]" started-at="2024-07-02T10:39:11 EET" name="amazonLoginTest" finished-at="2024-07-02T10:39:16 EET" duration-ms="5049" status="PASS">
          <reporter-output>
          </reporter-output>
        </test-method> <!-- amazonLoginTest -->
        <test-method signature="amazonPurchaseTest()[pri:0, instance:nafithTask.AmazonAutomationTest@5e0e82ae]" started-at="2024-07-02T10:39:16 EET" name="amazonPurchaseTest" finished-at="2024-07-02T10:39:25 EET" depends-on-methods="nafithTask.AmazonAutomationTest.amazonLoginTest" duration-ms="8824" status="PASS">
          <reporter-output>
          </reporter-output>
        </test-method> <!-- amazonPurchaseTest -->
        <test-method is-config="true" signature="tearDown()[pri:0, instance:nafithTask.AmazonAutomationTest@5e0e82ae]" started-at="2024-07-02T10:39:25 EET" name="tearDown" finished-at="2024-07-02T10:39:25 EET" duration-ms="543" status="PASS">
          <reporter-output>
          </reporter-output>
        </test-method> <!-- tearDown -->
      </class> <!-- nafithTask.AmazonAutomationTest -->
    </test> <!-- Default test -->
  </suite> <!-- Default suite -->
</testng-results>
